2013-06-25 00:43:23,890 - Log4JLogChute initialized using file 'velocity.log'
2013-06-25 00:43:23,891 - Initializing Velocity, Calling init()...
2013-06-25 00:43:23,891 - Starting Apache Velocity v1.7 (compiled: 2010-11-19 12:14:37)
2013-06-25 00:43:23,891 - Default Properties File: org\apache\velocity\runtime\defaults\velocity.properties
2013-06-25 00:43:23,891 - Trying to use logger class org.apache.velocity.runtime.log.AvalonLogChute
2013-06-25 00:43:23,891 - Target log system for org.apache.velocity.runtime.log.AvalonLogChute is not available (java.lang.NoClassDefFoundError: org/apache/log/format/Formatter).  Falling back to next log system...
2013-06-25 00:43:23,891 - Trying to use logger class org.apache.velocity.runtime.log.Log4JLogChute
2013-06-25 00:43:23,892 - Using logger class org.apache.velocity.runtime.log.Log4JLogChute
2013-06-25 00:43:23,903 - ResourceLoader instantiated: org.apache.velocity.runtime.resource.loader.FileResourceLoader
2013-06-25 00:43:23,905 - Do unicode file recognition:  false
2013-06-25 00:43:23,906 - FileResourceLoader : adding path '.'
2013-06-25 00:43:23,931 - ResourceCache: initialized (class org.apache.velocity.runtime.resource.ResourceCacheImpl) with class java.util.Collections$SynchronizedMap cache map.
2013-06-25 00:43:23,935 - Loaded System Directive: org.apache.velocity.runtime.directive.Stop
2013-06-25 00:43:23,938 - Loaded System Directive: org.apache.velocity.runtime.directive.Define
2013-06-25 00:43:23,940 - Loaded System Directive: org.apache.velocity.runtime.directive.Break
2013-06-25 00:43:23,942 - Loaded System Directive: org.apache.velocity.runtime.directive.Evaluate
2013-06-25 00:43:23,943 - Loaded System Directive: org.apache.velocity.runtime.directive.Literal
2013-06-25 00:43:23,946 - Loaded System Directive: org.apache.velocity.runtime.directive.Macro
2013-06-25 00:43:23,949 - Loaded System Directive: org.apache.velocity.runtime.directive.Parse
2013-06-25 00:43:23,952 - Loaded System Directive: org.apache.velocity.runtime.directive.Include
2013-06-25 00:43:23,954 - Loaded System Directive: org.apache.velocity.runtime.directive.Foreach
2013-06-25 00:43:24,016 - Created '20' parsers.
2013-06-25 00:43:24,036 - Velocimacro : "velocimacro.library" is not set.  Trying default library: VM_global_library.vm
2013-06-25 00:43:24,037 - Velocimacro : Default library not found.
2013-06-25 00:43:24,037 - Velocimacro : allowInline = true : VMs can be defined inline in templates
2013-06-25 00:43:24,037 - Velocimacro : allowInlineToOverride = false : VMs defined inline may NOT replace previous VM definitions
2013-06-25 00:43:24,037 - Velocimacro : allowInlineLocal = false : VMs defined inline will be global in scope if allowed.
2013-06-25 00:43:24,037 - Velocimacro : autoload off : VM system will not automatically reload global library macros
