2013-05-22 19:05:28,597 - Log4JLogChute initialized using file 'velocity.log'
2013-05-22 19:05:28,597 - Initializing Velocity, Calling init()...
2013-05-22 19:05:28,597 - Starting Apache Velocity v1.7 (compiled: 2010-11-19 12:14:37)
2013-05-22 19:05:28,597 - Default Properties File: org/apache/velocity/runtime/defaults/velocity.properties
2013-05-22 19:05:28,597 - Trying to use logger class org.apache.velocity.runtime.log.AvalonLogChute
2013-05-22 19:05:28,598 - Target log system for org.apache.velocity.runtime.log.AvalonLogChute is not available (java.lang.NoClassDefFoundError: org/apache/log/format/Formatter).  Falling back to next log system...
2013-05-22 19:05:28,598 - Trying to use logger class org.apache.velocity.runtime.log.Log4JLogChute
2013-05-22 19:05:28,598 - Using logger class org.apache.velocity.runtime.log.Log4JLogChute
2013-05-22 19:05:28,601 - ResourceLoader instantiated: org.apache.velocity.runtime.resource.loader.FileResourceLoader
2013-05-22 19:05:28,603 - Do unicode file recognition:  false
2013-05-22 19:05:28,603 - FileResourceLoader : adding path '.'
2013-05-22 19:05:28,612 - ResourceCache: initialized (class org.apache.velocity.runtime.resource.ResourceCacheImpl) with class java.util.Collections$SynchronizedMap cache map.
2013-05-22 19:05:28,614 - Loaded System Directive: org.apache.velocity.runtime.directive.Stop
2013-05-22 19:05:28,615 - Loaded System Directive: org.apache.velocity.runtime.directive.Define
2013-05-22 19:05:28,615 - Loaded System Directive: org.apache.velocity.runtime.directive.Break
2013-05-22 19:05:28,616 - Loaded System Directive: org.apache.velocity.runtime.directive.Evaluate
2013-05-22 19:05:28,616 - Loaded System Directive: org.apache.velocity.runtime.directive.Literal
2013-05-22 19:05:28,617 - Loaded System Directive: org.apache.velocity.runtime.directive.Macro
2013-05-22 19:05:28,618 - Loaded System Directive: org.apache.velocity.runtime.directive.Parse
2013-05-22 19:05:28,619 - Loaded System Directive: org.apache.velocity.runtime.directive.Include
2013-05-22 19:05:28,620 - Loaded System Directive: org.apache.velocity.runtime.directive.Foreach
2013-05-22 19:05:28,643 - Created '20' parsers.
2013-05-22 19:05:28,649 - Velocimacro : "velocimacro.library" is not set.  Trying default library: VM_global_library.vm
2013-05-22 19:05:28,649 - Velocimacro : Default library not found.
2013-05-22 19:05:28,649 - Velocimacro : allowInline = true : VMs can be defined inline in templates
2013-05-22 19:05:28,649 - Velocimacro : allowInlineToOverride = false : VMs defined inline may NOT replace previous VM definitions
2013-05-22 19:05:28,649 - Velocimacro : allowInlineLocal = false : VMs defined inline will be global in scope if allowed.
2013-05-22 19:05:28,649 - Velocimacro : autoload off : VM system will not automatically reload global library macros
2013-05-22 19:05:28,656 - Null reference [template 'velocity', line 3, column 26] : $Test cannot be resolved.
2013-05-22 19:09:50,552 - Log4JLogChute initialized using file 'velocity.log'
2013-05-22 19:09:50,552 - Initializing Velocity, Calling init()...
2013-05-22 19:09:50,552 - Starting Apache Velocity v1.7 (compiled: 2010-11-19 12:14:37)
2013-05-22 19:09:50,552 - Default Properties File: org/apache/velocity/runtime/defaults/velocity.properties
2013-05-22 19:09:50,552 - Trying to use logger class org.apache.velocity.runtime.log.AvalonLogChute
2013-05-22 19:09:50,552 - Target log system for org.apache.velocity.runtime.log.AvalonLogChute is not available (java.lang.NoClassDefFoundError: org/apache/log/format/Formatter).  Falling back to next log system...
2013-05-22 19:09:50,552 - Trying to use logger class org.apache.velocity.runtime.log.Log4JLogChute
2013-05-22 19:09:50,553 - Using logger class org.apache.velocity.runtime.log.Log4JLogChute
2013-05-22 19:09:50,556 - ResourceLoader instantiated: org.apache.velocity.runtime.resource.loader.FileResourceLoader
2013-05-22 19:09:50,557 - Do unicode file recognition:  false
2013-05-22 19:09:50,557 - FileResourceLoader : adding path '.'
2013-05-22 19:09:50,567 - ResourceCache: initialized (class org.apache.velocity.runtime.resource.ResourceCacheImpl) with class java.util.Collections$SynchronizedMap cache map.
2013-05-22 19:09:50,568 - Loaded System Directive: org.apache.velocity.runtime.directive.Stop
2013-05-22 19:09:50,569 - Loaded System Directive: org.apache.velocity.runtime.directive.Define
2013-05-22 19:09:50,570 - Loaded System Directive: org.apache.velocity.runtime.directive.Break
2013-05-22 19:09:50,571 - Loaded System Directive: org.apache.velocity.runtime.directive.Evaluate
2013-05-22 19:09:50,571 - Loaded System Directive: org.apache.velocity.runtime.directive.Literal
2013-05-22 19:09:50,572 - Loaded System Directive: org.apache.velocity.runtime.directive.Macro
2013-05-22 19:09:50,573 - Loaded System Directive: org.apache.velocity.runtime.directive.Parse
2013-05-22 19:09:50,574 - Loaded System Directive: org.apache.velocity.runtime.directive.Include
2013-05-22 19:09:50,575 - Loaded System Directive: org.apache.velocity.runtime.directive.Foreach
2013-05-22 19:09:50,598 - Created '20' parsers.
2013-05-22 19:09:50,604 - Velocimacro : "velocimacro.library" is not set.  Trying default library: VM_global_library.vm
2013-05-22 19:09:50,604 - Velocimacro : Default library not found.
2013-05-22 19:09:50,604 - Velocimacro : allowInline = true : VMs can be defined inline in templates
2013-05-22 19:09:50,604 - Velocimacro : allowInlineToOverride = false : VMs defined inline may NOT replace previous VM definitions
2013-05-22 19:09:50,604 - Velocimacro : allowInlineLocal = false : VMs defined inline will be global in scope if allowed.
2013-05-22 19:09:50,604 - Velocimacro : autoload off : VM system will not automatically reload global library macros
2013-05-22 19:10:24,097 - Log4JLogChute initialized using file 'velocity.log'
2013-05-22 19:10:24,097 - Initializing Velocity, Calling init()...
2013-05-22 19:10:24,097 - Starting Apache Velocity v1.7 (compiled: 2010-11-19 12:14:37)
2013-05-22 19:10:24,097 - Default Properties File: org/apache/velocity/runtime/defaults/velocity.properties
2013-05-22 19:10:24,097 - Trying to use logger class org.apache.velocity.runtime.log.AvalonLogChute
2013-05-22 19:10:24,097 - Target log system for org.apache.velocity.runtime.log.AvalonLogChute is not available (java.lang.NoClassDefFoundError: org/apache/log/format/Formatter).  Falling back to next log system...
2013-05-22 19:10:24,097 - Trying to use logger class org.apache.velocity.runtime.log.Log4JLogChute
2013-05-22 19:10:24,097 - Using logger class org.apache.velocity.runtime.log.Log4JLogChute
2013-05-22 19:10:24,101 - ResourceLoader instantiated: org.apache.velocity.runtime.resource.loader.FileResourceLoader
2013-05-22 19:10:24,102 - Do unicode file recognition:  false
2013-05-22 19:10:24,102 - FileResourceLoader : adding path '.'
2013-05-22 19:10:24,112 - ResourceCache: initialized (class org.apache.velocity.runtime.resource.ResourceCacheImpl) with class java.util.Collections$SynchronizedMap cache map.
2013-05-22 19:10:24,113 - Loaded System Directive: org.apache.velocity.runtime.directive.Stop
2013-05-22 19:10:24,114 - Loaded System Directive: org.apache.velocity.runtime.directive.Define
2013-05-22 19:10:24,115 - Loaded System Directive: org.apache.velocity.runtime.directive.Break
2013-05-22 19:10:24,115 - Loaded System Directive: org.apache.velocity.runtime.directive.Evaluate
2013-05-22 19:10:24,116 - Loaded System Directive: org.apache.velocity.runtime.directive.Literal
2013-05-22 19:10:24,117 - Loaded System Directive: org.apache.velocity.runtime.directive.Macro
2013-05-22 19:10:24,118 - Loaded System Directive: org.apache.velocity.runtime.directive.Parse
2013-05-22 19:10:24,119 - Loaded System Directive: org.apache.velocity.runtime.directive.Include
2013-05-22 19:10:24,119 - Loaded System Directive: org.apache.velocity.runtime.directive.Foreach
2013-05-22 19:10:24,142 - Created '20' parsers.
2013-05-22 19:10:24,148 - Velocimacro : "velocimacro.library" is not set.  Trying default library: VM_global_library.vm
2013-05-22 19:10:24,149 - Velocimacro : Default library not found.
2013-05-22 19:10:24,149 - Velocimacro : allowInline = true : VMs can be defined inline in templates
2013-05-22 19:10:24,149 - Velocimacro : allowInlineToOverride = false : VMs defined inline may NOT replace previous VM definitions
2013-05-22 19:10:24,149 - Velocimacro : allowInlineLocal = false : VMs defined inline will be global in scope if allowed.
2013-05-22 19:10:24,149 - Velocimacro : autoload off : VM system will not automatically reload global library macros
2013-05-22 19:11:32,793 - Log4JLogChute initialized using file 'velocity.log'
2013-05-22 19:11:32,794 - Initializing Velocity, Calling init()...
2013-05-22 19:11:32,794 - Starting Apache Velocity v1.7 (compiled: 2010-11-19 12:14:37)
2013-05-22 19:11:32,794 - Default Properties File: org/apache/velocity/runtime/defaults/velocity.properties
2013-05-22 19:11:32,794 - Trying to use logger class org.apache.velocity.runtime.log.AvalonLogChute
2013-05-22 19:11:32,794 - Target log system for org.apache.velocity.runtime.log.AvalonLogChute is not available (java.lang.NoClassDefFoundError: org/apache/log/format/Formatter).  Falling back to next log system...
2013-05-22 19:11:32,794 - Trying to use logger class org.apache.velocity.runtime.log.Log4JLogChute
2013-05-22 19:11:32,794 - Using logger class org.apache.velocity.runtime.log.Log4JLogChute
2013-05-22 19:11:32,798 - ResourceLoader instantiated: org.apache.velocity.runtime.resource.loader.FileResourceLoader
2013-05-22 19:11:32,799 - Do unicode file recognition:  false
2013-05-22 19:11:32,799 - FileResourceLoader : adding path '.'
2013-05-22 19:11:32,809 - ResourceCache: initialized (class org.apache.velocity.runtime.resource.ResourceCacheImpl) with class java.util.Collections$SynchronizedMap cache map.
2013-05-22 19:11:32,810 - Loaded System Directive: org.apache.velocity.runtime.directive.Stop
2013-05-22 19:11:32,811 - Loaded System Directive: org.apache.velocity.runtime.directive.Define
2013-05-22 19:11:32,812 - Loaded System Directive: org.apache.velocity.runtime.directive.Break
2013-05-22 19:11:32,812 - Loaded System Directive: org.apache.velocity.runtime.directive.Evaluate
2013-05-22 19:11:32,813 - Loaded System Directive: org.apache.velocity.runtime.directive.Literal
2013-05-22 19:11:32,814 - Loaded System Directive: org.apache.velocity.runtime.directive.Macro
2013-05-22 19:11:32,815 - Loaded System Directive: org.apache.velocity.runtime.directive.Parse
2013-05-22 19:11:32,816 - Loaded System Directive: org.apache.velocity.runtime.directive.Include
2013-05-22 19:11:32,817 - Loaded System Directive: org.apache.velocity.runtime.directive.Foreach
2013-05-22 19:11:32,840 - Created '20' parsers.
2013-05-22 19:11:32,846 - Velocimacro : "velocimacro.library" is not set.  Trying default library: VM_global_library.vm
2013-05-22 19:11:32,846 - Velocimacro : Default library not found.
2013-05-22 19:11:32,846 - Velocimacro : allowInline = true : VMs can be defined inline in templates
2013-05-22 19:11:32,846 - Velocimacro : allowInlineToOverride = false : VMs defined inline may NOT replace previous VM definitions
2013-05-22 19:11:32,846 - Velocimacro : allowInlineLocal = false : VMs defined inline will be global in scope if allowed.
2013-05-22 19:11:32,846 - Velocimacro : autoload off : VM system will not automatically reload global library macros
2013-05-22 19:11:51,314 - Log4JLogChute initialized using file 'velocity.log'
2013-05-22 19:11:51,314 - Initializing Velocity, Calling init()...
2013-05-22 19:11:51,314 - Starting Apache Velocity v1.7 (compiled: 2010-11-19 12:14:37)
2013-05-22 19:11:51,314 - Default Properties File: org/apache/velocity/runtime/defaults/velocity.properties
2013-05-22 19:11:51,315 - Trying to use logger class org.apache.velocity.runtime.log.AvalonLogChute
2013-05-22 19:11:51,315 - Target log system for org.apache.velocity.runtime.log.AvalonLogChute is not available (java.lang.NoClassDefFoundError: org/apache/log/format/Formatter).  Falling back to next log system...
2013-05-22 19:11:51,315 - Trying to use logger class org.apache.velocity.runtime.log.Log4JLogChute
2013-05-22 19:11:51,315 - Using logger class org.apache.velocity.runtime.log.Log4JLogChute
2013-05-22 19:11:51,319 - ResourceLoader instantiated: org.apache.velocity.runtime.resource.loader.FileResourceLoader
2013-05-22 19:11:51,320 - Do unicode file recognition:  false
2013-05-22 19:11:51,320 - FileResourceLoader : adding path '.'
2013-05-22 19:11:51,330 - ResourceCache: initialized (class org.apache.velocity.runtime.resource.ResourceCacheImpl) with class java.util.Collections$SynchronizedMap cache map.
2013-05-22 19:11:51,331 - Loaded System Directive: org.apache.velocity.runtime.directive.Stop
2013-05-22 19:11:51,332 - Loaded System Directive: org.apache.velocity.runtime.directive.Define
2013-05-22 19:11:51,332 - Loaded System Directive: org.apache.velocity.runtime.directive.Break
2013-05-22 19:11:51,333 - Loaded System Directive: org.apache.velocity.runtime.directive.Evaluate
2013-05-22 19:11:51,334 - Loaded System Directive: org.apache.velocity.runtime.directive.Literal
2013-05-22 19:11:51,335 - Loaded System Directive: org.apache.velocity.runtime.directive.Macro
2013-05-22 19:11:51,336 - Loaded System Directive: org.apache.velocity.runtime.directive.Parse
2013-05-22 19:11:51,337 - Loaded System Directive: org.apache.velocity.runtime.directive.Include
2013-05-22 19:11:51,337 - Loaded System Directive: org.apache.velocity.runtime.directive.Foreach
2013-05-22 19:11:51,361 - Created '20' parsers.
2013-05-22 19:11:51,367 - Velocimacro : "velocimacro.library" is not set.  Trying default library: VM_global_library.vm
2013-05-22 19:11:51,367 - Velocimacro : Default library not found.
2013-05-22 19:11:51,367 - Velocimacro : allowInline = true : VMs can be defined inline in templates
2013-05-22 19:11:51,367 - Velocimacro : allowInlineToOverride = false : VMs defined inline may NOT replace previous VM definitions
2013-05-22 19:11:51,367 - Velocimacro : allowInlineLocal = false : VMs defined inline will be global in scope if allowed.
2013-05-22 19:11:51,367 - Velocimacro : autoload off : VM system will not automatically reload global library macros
2013-05-22 19:13:31,471 - Log4JLogChute initialized using file 'velocity.log'
2013-05-22 19:13:31,471 - Initializing Velocity, Calling init()...
2013-05-22 19:13:31,471 - Starting Apache Velocity v1.7 (compiled: 2010-11-19 12:14:37)
2013-05-22 19:13:31,471 - Default Properties File: org/apache/velocity/runtime/defaults/velocity.properties
2013-05-22 19:13:31,471 - Trying to use logger class org.apache.velocity.runtime.log.AvalonLogChute
2013-05-22 19:13:31,471 - Target log system for org.apache.velocity.runtime.log.AvalonLogChute is not available (java.lang.NoClassDefFoundError: org/apache/log/format/Formatter).  Falling back to next log system...
2013-05-22 19:13:31,471 - Trying to use logger class org.apache.velocity.runtime.log.Log4JLogChute
2013-05-22 19:13:31,471 - Using logger class org.apache.velocity.runtime.log.Log4JLogChute
2013-05-22 19:13:31,475 - ResourceLoader instantiated: org.apache.velocity.runtime.resource.loader.FileResourceLoader
2013-05-22 19:13:31,476 - Do unicode file recognition:  false
2013-05-22 19:13:31,476 - FileResourceLoader : adding path '.'
2013-05-22 19:13:31,487 - ResourceCache: initialized (class org.apache.velocity.runtime.resource.ResourceCacheImpl) with class java.util.Collections$SynchronizedMap cache map.
2013-05-22 19:13:31,488 - Loaded System Directive: org.apache.velocity.runtime.directive.Stop
2013-05-22 19:13:31,489 - Loaded System Directive: org.apache.velocity.runtime.directive.Define
2013-05-22 19:13:31,490 - Loaded System Directive: org.apache.velocity.runtime.directive.Break
2013-05-22 19:13:31,490 - Loaded System Directive: org.apache.velocity.runtime.directive.Evaluate
2013-05-22 19:13:31,491 - Loaded System Directive: org.apache.velocity.runtime.directive.Literal
2013-05-22 19:13:31,492 - Loaded System Directive: org.apache.velocity.runtime.directive.Macro
2013-05-22 19:13:31,493 - Loaded System Directive: org.apache.velocity.runtime.directive.Parse
2013-05-22 19:13:31,494 - Loaded System Directive: org.apache.velocity.runtime.directive.Include
2013-05-22 19:13:31,495 - Loaded System Directive: org.apache.velocity.runtime.directive.Foreach
2013-05-22 19:13:31,518 - Created '20' parsers.
2013-05-22 19:13:31,524 - Velocimacro : "velocimacro.library" is not set.  Trying default library: VM_global_library.vm
2013-05-22 19:13:31,524 - Velocimacro : Default library not found.
2013-05-22 19:13:31,524 - Velocimacro : allowInline = true : VMs can be defined inline in templates
2013-05-22 19:13:31,524 - Velocimacro : allowInlineToOverride = false : VMs defined inline may NOT replace previous VM definitions
2013-05-22 19:13:31,524 - Velocimacro : allowInlineLocal = false : VMs defined inline will be global in scope if allowed.
2013-05-22 19:13:31,524 - Velocimacro : autoload off : VM system will not automatically reload global library macros
2013-05-22 19:13:51,002 - Log4JLogChute initialized using file 'velocity.log'
2013-05-22 19:13:51,003 - Initializing Velocity, Calling init()...
2013-05-22 19:13:51,003 - Starting Apache Velocity v1.7 (compiled: 2010-11-19 12:14:37)
2013-05-22 19:13:51,003 - Default Properties File: org/apache/velocity/runtime/defaults/velocity.properties
2013-05-22 19:13:51,003 - Trying to use logger class org.apache.velocity.runtime.log.AvalonLogChute
2013-05-22 19:13:51,003 - Target log system for org.apache.velocity.runtime.log.AvalonLogChute is not available (java.lang.NoClassDefFoundError: org/apache/log/format/Formatter).  Falling back to next log system...
2013-05-22 19:13:51,003 - Trying to use logger class org.apache.velocity.runtime.log.Log4JLogChute
2013-05-22 19:13:51,003 - Using logger class org.apache.velocity.runtime.log.Log4JLogChute
2013-05-22 19:13:51,007 - ResourceLoader instantiated: org.apache.velocity.runtime.resource.loader.FileResourceLoader
2013-05-22 19:13:51,008 - Do unicode file recognition:  false
2013-05-22 19:13:51,008 - FileResourceLoader : adding path '.'
2013-05-22 19:13:51,017 - ResourceCache: initialized (class org.apache.velocity.runtime.resource.ResourceCacheImpl) with class java.util.Collections$SynchronizedMap cache map.
2013-05-22 19:13:51,019 - Loaded System Directive: org.apache.velocity.runtime.directive.Stop
2013-05-22 19:13:51,020 - Loaded System Directive: org.apache.velocity.runtime.directive.Define
2013-05-22 19:13:51,020 - Loaded System Directive: org.apache.velocity.runtime.directive.Break
2013-05-22 19:13:51,021 - Loaded System Directive: org.apache.velocity.runtime.directive.Evaluate
2013-05-22 19:13:51,021 - Loaded System Directive: org.apache.velocity.runtime.directive.Literal
2013-05-22 19:13:51,022 - Loaded System Directive: org.apache.velocity.runtime.directive.Macro
2013-05-22 19:13:51,023 - Loaded System Directive: org.apache.velocity.runtime.directive.Parse
2013-05-22 19:13:51,024 - Loaded System Directive: org.apache.velocity.runtime.directive.Include
2013-05-22 19:13:51,025 - Loaded System Directive: org.apache.velocity.runtime.directive.Foreach
2013-05-22 19:13:51,048 - Created '20' parsers.
2013-05-22 19:13:51,054 - Velocimacro : "velocimacro.library" is not set.  Trying default library: VM_global_library.vm
2013-05-22 19:13:51,055 - Velocimacro : Default library not found.
2013-05-22 19:13:51,055 - Velocimacro : allowInline = true : VMs can be defined inline in templates
2013-05-22 19:13:51,055 - Velocimacro : allowInlineToOverride = false : VMs defined inline may NOT replace previous VM definitions
2013-05-22 19:13:51,055 - Velocimacro : allowInlineLocal = false : VMs defined inline will be global in scope if allowed.
2013-05-22 19:13:51,055 - Velocimacro : autoload off : VM system will not automatically reload global library macros
2013-05-22 19:16:42,590 - Log4JLogChute initialized using file 'velocity.log'
2013-05-22 19:16:42,590 - Initializing Velocity, Calling init()...
2013-05-22 19:16:42,590 - Starting Apache Velocity v1.7 (compiled: 2010-11-19 12:14:37)
2013-05-22 19:16:42,591 - Default Properties File: org/apache/velocity/runtime/defaults/velocity.properties
2013-05-22 19:16:42,591 - Trying to use logger class org.apache.velocity.runtime.log.AvalonLogChute
2013-05-22 19:16:42,591 - Target log system for org.apache.velocity.runtime.log.AvalonLogChute is not available (java.lang.NoClassDefFoundError: org/apache/log/format/Formatter).  Falling back to next log system...
2013-05-22 19:16:42,591 - Trying to use logger class org.apache.velocity.runtime.log.Log4JLogChute
2013-05-22 19:16:42,591 - Using logger class org.apache.velocity.runtime.log.Log4JLogChute
2013-05-22 19:16:42,595 - ResourceLoader instantiated: org.apache.velocity.runtime.resource.loader.FileResourceLoader
2013-05-22 19:16:42,595 - Do unicode file recognition:  false
2013-05-22 19:16:42,596 - FileResourceLoader : adding path '.'
2013-05-22 19:16:42,605 - ResourceCache: initialized (class org.apache.velocity.runtime.resource.ResourceCacheImpl) with class java.util.Collections$SynchronizedMap cache map.
2013-05-22 19:16:42,606 - Loaded System Directive: org.apache.velocity.runtime.directive.Stop
2013-05-22 19:16:42,607 - Loaded System Directive: org.apache.velocity.runtime.directive.Define
2013-05-22 19:16:42,608 - Loaded System Directive: org.apache.velocity.runtime.directive.Break
2013-05-22 19:16:42,609 - Loaded System Directive: org.apache.velocity.runtime.directive.Evaluate
2013-05-22 19:16:42,609 - Loaded System Directive: org.apache.velocity.runtime.directive.Literal
2013-05-22 19:16:42,610 - Loaded System Directive: org.apache.velocity.runtime.directive.Macro
2013-05-22 19:16:42,611 - Loaded System Directive: org.apache.velocity.runtime.directive.Parse
2013-05-22 19:16:42,612 - Loaded System Directive: org.apache.velocity.runtime.directive.Include
2013-05-22 19:16:42,613 - Loaded System Directive: org.apache.velocity.runtime.directive.Foreach
2013-05-22 19:16:42,637 - Created '20' parsers.
2013-05-22 19:16:42,643 - Velocimacro : "velocimacro.library" is not set.  Trying default library: VM_global_library.vm
2013-05-22 19:16:42,643 - Velocimacro : Default library not found.
2013-05-22 19:16:42,643 - Velocimacro : allowInline = true : VMs can be defined inline in templates
2013-05-22 19:16:42,643 - Velocimacro : allowInlineToOverride = false : VMs defined inline may NOT replace previous VM definitions
2013-05-22 19:16:42,643 - Velocimacro : allowInlineLocal = false : VMs defined inline will be global in scope if allowed.
2013-05-22 19:16:42,643 - Velocimacro : autoload off : VM system will not automatically reload global library macros
2013-05-22 19:17:06,652 - Log4JLogChute initialized using file 'velocity.log'
2013-05-22 19:17:06,653 - Initializing Velocity, Calling init()...
2013-05-22 19:17:06,653 - Starting Apache Velocity v1.7 (compiled: 2010-11-19 12:14:37)
2013-05-22 19:17:06,653 - Default Properties File: org/apache/velocity/runtime/defaults/velocity.properties
2013-05-22 19:17:06,653 - Trying to use logger class org.apache.velocity.runtime.log.AvalonLogChute
2013-05-22 19:17:06,653 - Target log system for org.apache.velocity.runtime.log.AvalonLogChute is not available (java.lang.NoClassDefFoundError: org/apache/log/format/Formatter).  Falling back to next log system...
2013-05-22 19:17:06,653 - Trying to use logger class org.apache.velocity.runtime.log.Log4JLogChute
2013-05-22 19:17:06,653 - Using logger class org.apache.velocity.runtime.log.Log4JLogChute
2013-05-22 19:17:06,657 - ResourceLoader instantiated: org.apache.velocity.runtime.resource.loader.FileResourceLoader
2013-05-22 19:17:06,658 - Do unicode file recognition:  false
2013-05-22 19:17:06,658 - FileResourceLoader : adding path '.'
2013-05-22 19:17:06,667 - ResourceCache: initialized (class org.apache.velocity.runtime.resource.ResourceCacheImpl) with class java.util.Collections$SynchronizedMap cache map.
2013-05-22 19:17:06,669 - Loaded System Directive: org.apache.velocity.runtime.directive.Stop
2013-05-22 19:17:06,670 - Loaded System Directive: org.apache.velocity.runtime.directive.Define
2013-05-22 19:17:06,670 - Loaded System Directive: org.apache.velocity.runtime.directive.Break
2013-05-22 19:17:06,671 - Loaded System Directive: org.apache.velocity.runtime.directive.Evaluate
2013-05-22 19:17:06,671 - Loaded System Directive: org.apache.velocity.runtime.directive.Literal
2013-05-22 19:17:06,672 - Loaded System Directive: org.apache.velocity.runtime.directive.Macro
2013-05-22 19:17:06,673 - Loaded System Directive: org.apache.velocity.runtime.directive.Parse
2013-05-22 19:17:06,674 - Loaded System Directive: org.apache.velocity.runtime.directive.Include
2013-05-22 19:17:06,675 - Loaded System Directive: org.apache.velocity.runtime.directive.Foreach
2013-05-22 19:17:06,698 - Created '20' parsers.
2013-05-22 19:17:06,705 - Velocimacro : "velocimacro.library" is not set.  Trying default library: VM_global_library.vm
2013-05-22 19:17:06,705 - Velocimacro : Default library not found.
2013-05-22 19:17:06,705 - Velocimacro : allowInline = true : VMs can be defined inline in templates
2013-05-22 19:17:06,705 - Velocimacro : allowInlineToOverride = false : VMs defined inline may NOT replace previous VM definitions
2013-05-22 19:17:06,705 - Velocimacro : allowInlineLocal = false : VMs defined inline will be global in scope if allowed.
2013-05-22 19:17:06,705 - Velocimacro : autoload off : VM system will not automatically reload global library macros
2013-05-22 19:18:39,071 - Log4JLogChute initialized using file 'velocity.log'
2013-05-22 19:18:39,072 - Initializing Velocity, Calling init()...
2013-05-22 19:18:39,072 - Starting Apache Velocity v1.7 (compiled: 2010-11-19 12:14:37)
2013-05-22 19:18:39,072 - Default Properties File: org/apache/velocity/runtime/defaults/velocity.properties
2013-05-22 19:18:39,072 - Trying to use logger class org.apache.velocity.runtime.log.AvalonLogChute
2013-05-22 19:18:39,072 - Target log system for org.apache.velocity.runtime.log.AvalonLogChute is not available (java.lang.NoClassDefFoundError: org/apache/log/format/Formatter).  Falling back to next log system...
2013-05-22 19:18:39,072 - Trying to use logger class org.apache.velocity.runtime.log.Log4JLogChute
2013-05-22 19:18:39,072 - Using logger class org.apache.velocity.runtime.log.Log4JLogChute
2013-05-22 19:18:39,076 - ResourceLoader instantiated: org.apache.velocity.runtime.resource.loader.FileResourceLoader
2013-05-22 19:18:39,077 - Do unicode file recognition:  false
2013-05-22 19:18:39,077 - FileResourceLoader : adding path '.'
2013-05-22 19:18:39,087 - ResourceCache: initialized (class org.apache.velocity.runtime.resource.ResourceCacheImpl) with class java.util.Collections$SynchronizedMap cache map.
2013-05-22 19:18:39,088 - Loaded System Directive: org.apache.velocity.runtime.directive.Stop
2013-05-22 19:18:39,089 - Loaded System Directive: org.apache.velocity.runtime.directive.Define
2013-05-22 19:18:39,089 - Loaded System Directive: org.apache.velocity.runtime.directive.Break
2013-05-22 19:18:39,090 - Loaded System Directive: org.apache.velocity.runtime.directive.Evaluate
2013-05-22 19:18:39,091 - Loaded System Directive: org.apache.velocity.runtime.directive.Literal
2013-05-22 19:18:39,092 - Loaded System Directive: org.apache.velocity.runtime.directive.Macro
2013-05-22 19:18:39,093 - Loaded System Directive: org.apache.velocity.runtime.directive.Parse
2013-05-22 19:18:39,094 - Loaded System Directive: org.apache.velocity.runtime.directive.Include
2013-05-22 19:18:39,094 - Loaded System Directive: org.apache.velocity.runtime.directive.Foreach
2013-05-22 19:18:39,118 - Created '20' parsers.
2013-05-22 19:18:39,124 - Velocimacro : "velocimacro.library" is not set.  Trying default library: VM_global_library.vm
2013-05-22 19:18:39,124 - Velocimacro : Default library not found.
2013-05-22 19:18:39,124 - Velocimacro : allowInline = true : VMs can be defined inline in templates
2013-05-22 19:18:39,124 - Velocimacro : allowInlineToOverride = false : VMs defined inline may NOT replace previous VM definitions
2013-05-22 19:18:39,125 - Velocimacro : allowInlineLocal = false : VMs defined inline will be global in scope if allowed.
2013-05-22 19:18:39,125 - Velocimacro : autoload off : VM system will not automatically reload global library macros
2013-05-22 19:19:01,251 - Log4JLogChute initialized using file 'velocity.log'
2013-05-22 19:19:01,252 - Initializing Velocity, Calling init()...
2013-05-22 19:19:01,252 - Starting Apache Velocity v1.7 (compiled: 2010-11-19 12:14:37)
2013-05-22 19:19:01,252 - Default Properties File: org/apache/velocity/runtime/defaults/velocity.properties
2013-05-22 19:19:01,252 - Trying to use logger class org.apache.velocity.runtime.log.AvalonLogChute
2013-05-22 19:19:01,252 - Target log system for org.apache.velocity.runtime.log.AvalonLogChute is not available (java.lang.NoClassDefFoundError: org/apache/log/format/Formatter).  Falling back to next log system...
2013-05-22 19:19:01,252 - Trying to use logger class org.apache.velocity.runtime.log.Log4JLogChute
2013-05-22 19:19:01,252 - Using logger class org.apache.velocity.runtime.log.Log4JLogChute
2013-05-22 19:19:01,256 - ResourceLoader instantiated: org.apache.velocity.runtime.resource.loader.FileResourceLoader
2013-05-22 19:19:01,257 - Do unicode file recognition:  false
2013-05-22 19:19:01,258 - FileResourceLoader : adding path '.'
2013-05-22 19:19:01,268 - ResourceCache: initialized (class org.apache.velocity.runtime.resource.ResourceCacheImpl) with class java.util.Collections$SynchronizedMap cache map.
2013-05-22 19:19:01,269 - Loaded System Directive: org.apache.velocity.runtime.directive.Stop
2013-05-22 19:19:01,270 - Loaded System Directive: org.apache.velocity.runtime.directive.Define
2013-05-22 19:19:01,271 - Loaded System Directive: org.apache.velocity.runtime.directive.Break
2013-05-22 19:19:01,271 - Loaded System Directive: org.apache.velocity.runtime.directive.Evaluate
2013-05-22 19:19:01,272 - Loaded System Directive: org.apache.velocity.runtime.directive.Literal
2013-05-22 19:19:01,273 - Loaded System Directive: org.apache.velocity.runtime.directive.Macro
2013-05-22 19:19:01,274 - Loaded System Directive: org.apache.velocity.runtime.directive.Parse
2013-05-22 19:19:01,275 - Loaded System Directive: org.apache.velocity.runtime.directive.Include
2013-05-22 19:19:01,276 - Loaded System Directive: org.apache.velocity.runtime.directive.Foreach
2013-05-22 19:19:01,300 - Created '20' parsers.
2013-05-22 19:19:01,306 - Velocimacro : "velocimacro.library" is not set.  Trying default library: VM_global_library.vm
2013-05-22 19:19:01,307 - Velocimacro : Default library not found.
2013-05-22 19:19:01,307 - Velocimacro : allowInline = true : VMs can be defined inline in templates
2013-05-22 19:19:01,307 - Velocimacro : allowInlineToOverride = false : VMs defined inline may NOT replace previous VM definitions
2013-05-22 19:19:01,307 - Velocimacro : allowInlineLocal = false : VMs defined inline will be global in scope if allowed.
2013-05-22 19:19:01,307 - Velocimacro : autoload off : VM system will not automatically reload global library macros
2013-05-22 19:20:08,939 - Log4JLogChute initialized using file 'velocity.log'
2013-05-22 19:20:08,940 - Initializing Velocity, Calling init()...
2013-05-22 19:20:08,940 - Starting Apache Velocity v1.7 (compiled: 2010-11-19 12:14:37)
2013-05-22 19:20:08,940 - Default Properties File: org/apache/velocity/runtime/defaults/velocity.properties
2013-05-22 19:20:08,940 - Trying to use logger class org.apache.velocity.runtime.log.AvalonLogChute
2013-05-22 19:20:08,940 - Target log system for org.apache.velocity.runtime.log.AvalonLogChute is not available (java.lang.NoClassDefFoundError: org/apache/log/format/Formatter).  Falling back to next log system...
2013-05-22 19:20:08,940 - Trying to use logger class org.apache.velocity.runtime.log.Log4JLogChute
2013-05-22 19:20:08,940 - Using logger class org.apache.velocity.runtime.log.Log4JLogChute
2013-05-22 19:20:08,944 - ResourceLoader instantiated: org.apache.velocity.runtime.resource.loader.FileResourceLoader
2013-05-22 19:20:08,945 - Do unicode file recognition:  false
2013-05-22 19:20:08,945 - FileResourceLoader : adding path '.'
2013-05-22 19:20:08,955 - ResourceCache: initialized (class org.apache.velocity.runtime.resource.ResourceCacheImpl) with class java.util.Collections$SynchronizedMap cache map.
2013-05-22 19:20:08,956 - Loaded System Directive: org.apache.velocity.runtime.directive.Stop
2013-05-22 19:20:08,957 - Loaded System Directive: org.apache.velocity.runtime.directive.Define
2013-05-22 19:20:08,958 - Loaded System Directive: org.apache.velocity.runtime.directive.Break
2013-05-22 19:20:08,958 - Loaded System Directive: org.apache.velocity.runtime.directive.Evaluate
2013-05-22 19:20:08,959 - Loaded System Directive: org.apache.velocity.runtime.directive.Literal
2013-05-22 19:20:08,960 - Loaded System Directive: org.apache.velocity.runtime.directive.Macro
2013-05-22 19:20:08,961 - Loaded System Directive: org.apache.velocity.runtime.directive.Parse
2013-05-22 19:20:08,962 - Loaded System Directive: org.apache.velocity.runtime.directive.Include
2013-05-22 19:20:08,963 - Loaded System Directive: org.apache.velocity.runtime.directive.Foreach
2013-05-22 19:20:08,987 - Created '20' parsers.
2013-05-22 19:20:08,993 - Velocimacro : "velocimacro.library" is not set.  Trying default library: VM_global_library.vm
2013-05-22 19:20:08,993 - Velocimacro : Default library not found.
2013-05-22 19:20:08,993 - Velocimacro : allowInline = true : VMs can be defined inline in templates
2013-05-22 19:20:08,993 - Velocimacro : allowInlineToOverride = false : VMs defined inline may NOT replace previous VM definitions
2013-05-22 19:20:08,993 - Velocimacro : allowInlineLocal = false : VMs defined inline will be global in scope if allowed.
2013-05-22 19:20:08,993 - Velocimacro : autoload off : VM system will not automatically reload global library macros
